<?xml version="1.0" encoding="UTF-8"?>
<coverage generated="1731065581165" clover="3.2.0">
  <project timestamp="1731065581165" name="All files">
    <metrics statements="2" coveredstatements="2" conditionals="2" coveredconditionals="2" methods="2" coveredmethods="2" elements="6" coveredelements="6" complexity="0" loc="2" ncloc="2" packages="1" files="1" classes="1"/>
    <file name="index.js" path="/Users/inthenameofmercy/Desktop/netology/netology hw/objReflProxy/descriptors/src/index.js">
      <metrics statements="2" coveredstatements="2" conditionals="2" coveredconditionals="2" methods="2" coveredmethods="2"/>
      <line num="2" count="1" type="stmt"/>
      <line num="4" count="2" type="stmt"/>
    </file>
  </project>
</coverage>
