{"/Users/inthenameofmercy/Desktop/netology/netology hw/objReflProxy/descriptors/src/index.js": {"path":"/Users/inthenameofmercy/Desktop/netology/netology hw/objReflProxy/descriptors/src/index.js","statementMap":{"0":{"start":{"line":2,"column":2},"end":{"line":8,"column":6}},"1":{"start":{"line":4,"column":9},"end":{"line":8,"column":3}}},"fnMap":{"0":{"name":"descript","decl":{"start":{"line":1,"column":24},"end":{"line":1,"column":32}},"loc":{"start":{"line":1,"column":46},"end":{"line":9,"column":1}},"line":1},"1":{"name":"(anonymous_1)","decl":{"start":{"line":2,"column":21},"end":{"line":2,"column":22}},"loc":{"start":{"line":4,"column":9},"end":{"line":8,"column":3}},"line":4}},"branchMap":{"0":{"loc":{"start":{"line":7,"column":17},"end":{"line":7,"column":53}},"type":"binary-expr","locations":[{"start":{"line":7,"column":17},"end":{"line":7,"column":28}},{"start":{"line":7,"column":32},"end":{"line":7,"column":53}}],"line":7}},"s":{"0":1,"1":2},"f":{"0":1,"1":2},"b":{"0":[2,1]},"_coverageSchema":"1a1c01bbd47fc00a2c39e90264f33305004495a9","hash":"84f49ffa5c8299c51ff636a95b09a624b09f96d9"}
}
